<?xml version="1.0" encoding="UTF-8"?>
<testsuite xmlns:xsi="http://www.w3.org/2001/XMLSchema-instance" xsi:noNamespaceSchemaLocation="https://maven.apache.org/surefire/maven-surefire-plugin/xsd/surefire-test-report-3.0.xsd" version="3.0" name="mainTest" time="157.722" tests="10" errors="0" skipped="0" failures="0">
  <properties>
[...]
</properties>
  <testcase name="whoBuyBootsOfTravelPage" classname="mainTest" time="24.211">
    <system-out><![CDATA[08:00:58.497 [main] INFO  MyLogger - Starting whoBuyBootsOfTravelPage test
08:01:18.890 [main] INFO  MyLogger - whoBuyBootsOfTravelPage test completed
]]></system-out>
    <system-err><![CDATA[мая 18, 2024 8:00:57 AM org.openqa.selenium.devtools.CdpVersionFinder findNearestMatch
WARNING: Unable to find an exact match for CDP version 124, returning the closest version; found: 123; Please update to a Selenium version that supports CDP version 124
]]></system-err>
  </testcase>
  <testcase name="testOpenArc" classname="mainTest" time="20.58">
    <system-out><![CDATA[08:01:20.049 [main] INFO  MyLogger - Starting testOpenArc test
08:01:39.538 [main] INFO  MyLogger - testOpenArc test completed
]]></system-out>
    <system-err><![CDATA[мая 18, 2024 8:01:20 AM org.openqa.selenium.devtools.CdpVersionFinder findNearestMatch
WARNING: Unable to find an exact match for CDP version 124, returning the closest version; found: 123; Please update to a Selenium version that supports CDP version 124
]]></system-err>
  </testcase>
  <testcase name="openMostPopularItemPage" classname="mainTest" time="18.685">
    <system-out><![CDATA[08:01:40.609 [main] INFO  MyLogger - Starting openMostPopularItemPage test
08:01:58.203 [main] INFO  MyLogger - openMostPopularItemPage test completed
]]></system-out>
    <system-err><![CDATA[мая 18, 2024 8:01:40 AM org.openqa.selenium.devtools.CdpVersionFinder findNearestMatch
WARNING: Unable to find an exact match for CDP version 124, returning the closest version; found: 123; Please update to a Selenium version that supports CDP version 124
]]></system-err>
  </testcase>
  <testcase name="openLastMatchOnDotaBuff" classname="mainTest" time="15.138">
    <system-out><![CDATA[08:01:59.319 [main] INFO  MyLogger - Starting openLastMatchOnDotaBuff test
08:02:13.374 [main] INFO  MyLogger - openLastMatchOnDotaBuff test completed
]]></system-out>
    <system-err><![CDATA[мая 18, 2024 8:01:59 AM org.openqa.selenium.devtools.CdpVersionFinder findNearestMatch
WARNING: Unable to find an exact match for CDP version 124, returning the closest version; found: 123; Please update to a Selenium version that supports CDP version 124
]]></system-err>
  </testcase>
  <testcase name="whatLineIPrefer" classname="mainTest" time="7.568">
    <system-out><![CDATA[08:02:14.448 [main] INFO  MyLogger - Starting whatLineIPrefer test
08:02:20.932 [main] INFO  MyLogger - whatLineIPrefer test completed
]]></system-out>
    <system-err><![CDATA[мая 18, 2024 8:02:14 AM org.openqa.selenium.devtools.CdpVersionFinder findNearestMatch
WARNING: Unable to find an exact match for CDP version 124, returning the closest version; found: 123; Please update to a Selenium version that supports CDP version 124
]]></system-err>
  </testcase>
  <testcase name="checkHanuman" classname="mainTest" time="14.506">
    <system-out><![CDATA[08:02:21.959 [main] INFO  MyLogger - Starting checkHanuman test
08:02:35.455 [main] INFO  MyLogger - checkHanuman test completed
]]></system-out>
    <system-err><![CDATA[мая 18, 2024 8:02:21 AM org.openqa.selenium.devtools.CdpVersionFinder findNearestMatch
WARNING: Unable to find an exact match for CDP version 124, returning the closest version; found: 123; Please update to a Selenium version that supports CDP version 124
]]></system-err>
  </testcase>
  <testcase name="openHistory" classname="mainTest" time="1.551">
    <system-out><![CDATA[08:02:36.540 [main] INFO  MyLogger - Starting openHistory test
08:02:37.025 [main] INFO  MyLogger - openHistory test completed
]]></system-out>
    <system-err><![CDATA[мая 18, 2024 8:02:36 AM org.openqa.selenium.devtools.CdpVersionFinder findNearestMatch
WARNING: Unable to find an exact match for CDP version 124, returning the closest version; found: 123; Please update to a Selenium version that supports CDP version 124
]]></system-err>
  </testcase>
  <testcase name="whatRoleIPrefer" classname="mainTest" time="11.11">
    <system-out><![CDATA[08:02:38.110 [main] INFO  MyLogger - Starting whatRoleIPrefer test
08:02:48.137 [main] INFO  MyLogger - whatRoleIPrefer test completed
]]></system-out>
    <system-err><![CDATA[мая 18, 2024 8:02:38 AM org.openqa.selenium.devtools.CdpVersionFinder findNearestMatch
WARNING: Unable to find an exact match for CDP version 124, returning the closest version; found: 123; Please update to a Selenium version that supports CDP version 124
]]></system-err>
  </testcase>
  <testcase name="timeFromLastGame" classname="mainTest" time="9.452">
    <system-out><![CDATA[08:02:49.130 [main] INFO  MyLogger - Starting timeFromLastGame test
08:02:57.607 [main] INFO  MyLogger - timeFromLastGame test completed
]]></system-out>
    <system-err><![CDATA[мая 18, 2024 8:02:49 AM org.openqa.selenium.devtools.CdpVersionFinder findNearestMatch
WARNING: Unable to find an exact match for CDP version 124, returning the closest version; found: 123; Please update to a Selenium version that supports CDP version 124
]]></system-err>
  </testcase>
  <testcase name="openLongestGame" classname="mainTest" time="34.818">
    <system-out><![CDATA[08:02:58.620 [main] INFO  MyLogger - Starting openLongestGame test
08:03:32.361 [main] INFO  MyLogger - openLongestGame test completed
]]></system-out>
    <system-err><![CDATA[мая 18, 2024 8:02:58 AM org.openqa.selenium.devtools.CdpVersionFinder findNearestMatch
WARNING: Unable to find an exact match for CDP version 124, returning the closest version; found: 123; Please update to a Selenium version that supports CDP version 124
]]></system-err>
  </testcase>
</testsuite>